<?xml version="1.0" encoding="UTF-8"?>
<!-- Generated by org.testng.reporters.JUnitReportReporter -->
<testsuite hostname="my" name="com.wissenteil.oftest.ExchangeRateOverTheWeekendTest" tests="1" failures="0" timestamp="7 Jun 2016 21:43:54 GMT" time="6.267" errors="0">
  <testcase name="pricesShouldNotChangeOverTheWeekend" time="6.267" classname="com.wissenteil.oftest.ExchangeRateOverTheWeekendTest"/>
</testsuite> <!-- com.wissenteil.oftest.ExchangeRateOverTheWeekendTest -->
