<?xml version="1.0" encoding="UTF-8"?>
<!-- Generated by org.testng.reporters.JUnitReportReporter -->
<testsuite hostname="my" name="com.wissenteil.oftest.ConverterTest" tests="1" failures="0" timestamp="2 Jun 2016 21:30:47 GMT" time="6.170" errors="0">
  <testcase name="testConvertionWhenForOneEuro" time="6.170" classname="com.wissenteil.oftest.ConverterTest"/>
</testsuite> <!-- com.wissenteil.oftest.ConverterTest -->
