<?xml version="1.0" encoding="UTF-8"?>
<!-- Generated by org.testng.reporters.JUnitReportReporter -->
<testsuite hostname="my" name="org.wissenteil.bdt.selenium.cukeproject.test.RunCucumberTests" tests="1" failures="0" timestamp="21 Jun 2016 22:09:42 GMT" time="8.636" errors="0">
  <testcase name="feature" time="8.636" classname="org.wissenteil.bdt.selenium.cukeproject.test.RunCucumberTests"/>
</testsuite> <!-- org.wissenteil.bdt.selenium.cukeproject.test.RunCucumberTests -->
